<?xml version="1.0" encoding="UTF-8"?>
<!-- Generated by org.testng.reporters.JUnitXMLReporter -->
<testsuite hostname="savitha-PC" ignored="0" name="Test" tests="6" failures="0" timestamp="14 Aug 2018 05:45:17 GMT" time="205.09" errors="0">
  <testcase name="validLogin" time="13.244" classname="Scripts.TestValidLogin"/>
  <testcase name="validLogin" time="6.971" classname="Scripts.TestValidLogin"/>
  <testcase name="inValidLogin" time="35.98" classname="Scripts.TestInvalidLogin"/>
  <testcase name="inValidLogin" time="35.09" classname="Scripts.TestInvalidLogin"/>
  <testcase name="ValidActiTimeVersion" time="6.775" classname="Scripts.ValidActiTimeVersion"/>
  <testcase name="ValidActiTimeVersion" time="7.05" classname="Scripts.ValidActiTimeVersion"/>
</testsuite> <!-- Test -->
