<?xml version="1.0" encoding="UTF-8"?>
<!-- Generated by org.testng.reporters.JUnitXMLReporter -->
<testsuite hostname="savitha-PC" ignored="0" name="Test" tests="6" failures="0" timestamp="15 Aug 2018 14:39:16 GMT" time="290.95" errors="0">
  <testcase name="validLogin" time="22.613" classname="Scripts.TestValidLogin"/>
  <testcase name="validLogin" time="10.698" classname="Scripts.TestValidLogin"/>
  <testcase name="inValidLogin" time="40.269" classname="Scripts.TestInvalidLogin"/>
  <testcase name="inValidLogin" time="36.57" classname="Scripts.TestInvalidLogin"/>
  <testcase name="ValidActiTimeVersion" time="10.179" classname="Scripts.ValidActiTimeVersion"/>
  <testcase name="ValidActiTimeVersion" time="11.45" classname="Scripts.ValidActiTimeVersion"/>
</testsuite> <!-- Test -->
