<?xml version="1.0" encoding="UTF-8"?>
<testng-results skipped="0" failed="0" ignored="0" total="1" passed="1">
  <reporter-output>
  </reporter-output>
  <suite name="Default suite" duration-ms="40156" started-at="2018-08-16T17:35:58Z" finished-at="2018-08-16T17:36:38Z">
    <groups>
    </groups>
    <test name="Default test" duration-ms="40156" started-at="2018-08-16T17:35:58Z" finished-at="2018-08-16T17:36:38Z">
      <class name="Scripts.UserCreation">
        <test-method status="PASS" signature="lunchApplication()[pri:0, instance:Scripts.UserCreation@c81cdd1]" name="lunchApplication" is-config="true" duration-ms="13279" started-at="2018-08-16T17:35:58Z" finished-at="2018-08-16T17:36:11Z">
          <reporter-output>
          </reporter-output>
        </test-method> <!-- lunchApplication -->
        <test-method status="PASS" signature="validLogin()[pri:0, instance:Scripts.UserCreation@c81cdd1]" name="validLogin" duration-ms="26822" started-at="2018-08-16T17:36:11Z" finished-at="2018-08-16T17:36:38Z">
          <reporter-output>
          </reporter-output>
        </test-method> <!-- validLogin -->
        <test-method status="PASS" signature="closeApplication(org.testng.ITestResult)[pri:0, instance:Scripts.UserCreation@c81cdd1]" name="closeApplication" is-config="true" duration-ms="4" started-at="2018-08-16T17:36:38Z" finished-at="2018-08-16T17:36:38Z">
          <params>
            <param index="0">
              <value>
                <![CDATA[[TestResult name=validLogin status=SUCCESS method=UserCreation.validLogin()[pri:0, instance:Scripts.UserCreation@c81cdd1] output={null}]]]>
              </value>
            </param>
          </params>
          <reporter-output>
          </reporter-output>
        </test-method> <!-- closeApplication -->
      </class> <!-- Scripts.UserCreation -->
    </test> <!-- Default test -->
  </suite> <!-- Default suite -->
</testng-results>
